[debug] [2020-07-04T21:14:26.374Z] ----------------------------------------------------------------------
[debug] [2020-07-04T21:14:26.376Z] Command:       /usr/local/bin/node /usr/local/bin/firebase deploy --only functions
[debug] [2020-07-04T21:14:26.376Z] CLI Version:   8.0.3
[debug] [2020-07-04T21:14:26.376Z] Platform:      darwin
[debug] [2020-07-04T21:14:26.376Z] Node Version:  v10.16.3
[debug] [2020-07-04T21:14:26.377Z] Time:          Sat Jul 04 2020 23:14:26 GMT+0200 (South Africa Standard Time)
[debug] [2020-07-04T21:14:26.377Z] ----------------------------------------------------------------------
[debug] [2020-07-04T21:14:26.377Z] 
[debug] [2020-07-04T21:14:26.397Z] > command requires scopes: ["email","openid","https://www.googleapis.com/auth/cloudplatformprojects.readonly","https://www.googleapis.com/auth/firebase","https://www.googleapis.com/auth/cloud-platform"]
[debug] [2020-07-04T21:14:26.397Z] > authorizing via signed-in user
[debug] [2020-07-04T21:14:26.397Z] [iam] checking project minecraft-63461 for permissions ["cloudfunctions.functions.create","cloudfunctions.functions.delete","cloudfunctions.functions.get","cloudfunctions.functions.list","cloudfunctions.functions.update","cloudfunctions.operations.get","firebase.projects.get"]
[debug] [2020-07-04T21:14:26.401Z] > refreshing access token with scopes: ["email","https://www.googleapis.com/auth/cloud-platform","https://www.googleapis.com/auth/cloudplatformprojects.readonly","https://www.googleapis.com/auth/firebase","openid"]
[debug] [2020-07-04T21:14:26.401Z] >>> HTTP REQUEST POST https://www.googleapis.com/oauth2/v3/token  
 <request body omitted>
[debug] [2020-07-04T21:14:27.161Z] <<< HTTP RESPONSE 200 {"content-type":"application/json; charset=utf-8","vary":"X-Origin, Referer, Origin,Accept-Encoding","date":"Sat, 04 Jul 2020 21:14:26 GMT","server":"scaffolding on HTTPServer2","cache-control":"private","x-xss-protection":"0","x-frame-options":"SAMEORIGIN","x-content-type-options":"nosniff","alt-svc":"h3-29=\":443\"; ma=2592000,h3-27=\":443\"; ma=2592000,h3-25=\":443\"; ma=2592000,h3-T050=\":443\"; ma=2592000,h3-Q050=\":443\"; ma=2592000,h3-Q046=\":443\"; ma=2592000,h3-Q043=\":443\"; ma=2592000,quic=\":443\"; ma=2592000; v=\"46,43\"","accept-ranges":"none","transfer-encoding":"chunked"}
[debug] [2020-07-04T21:14:27.177Z] >>> HTTP REQUEST POST https://cloudresourcemanager.googleapis.com/v1/projects/minecraft-63461:testIamPermissions  
 {"permissions":["cloudfunctions.functions.create","cloudfunctions.functions.delete","cloudfunctions.functions.get","cloudfunctions.functions.list","cloudfunctions.functions.update","cloudfunctions.operations.get","firebase.projects.get"]}
[debug] [2020-07-04T21:14:32.252Z] <<< HTTP RESPONSE 200 {"content-type":"application/json; charset=UTF-8","vary":"X-Origin, Referer, Origin,Accept-Encoding","date":"Sat, 04 Jul 2020 21:14:31 GMT","server":"ESF","cache-control":"private","x-xss-protection":"0","x-frame-options":"SAMEORIGIN","x-content-type-options":"nosniff","server-timing":"gfet4t7; dur=1574","alt-svc":"h3-29=\":443\"; ma=2592000,h3-27=\":443\"; ma=2592000,h3-25=\":443\"; ma=2592000,h3-T050=\":443\"; ma=2592000,h3-Q050=\":443\"; ma=2592000,h3-Q046=\":443\"; ma=2592000,h3-Q043=\":443\"; ma=2592000,quic=\":443\"; ma=2592000; v=\"46,43\"","accept-ranges":"none","transfer-encoding":"chunked"}
[debug] [2020-07-04T21:14:32.253Z] >>> HTTP REQUEST POST https://iam.googleapis.com/v1/projects/minecraft-63461/serviceAccounts/minecraft-63461@appspot.gserviceaccount.com:testIamPermissions  
 {"permissions":["iam.serviceAccounts.actAs"]}
[debug] [2020-07-04T21:14:34.636Z] <<< HTTP RESPONSE 200 {"content-type":"application/json; charset=UTF-8","vary":"X-Origin, Referer, Origin,Accept-Encoding","date":"Sat, 04 Jul 2020 21:14:34 GMT","server":"ESF","cache-control":"private","x-xss-protection":"0","x-frame-options":"SAMEORIGIN","x-content-type-options":"nosniff","alt-svc":"h3-29=\":443\"; ma=2592000,h3-27=\":443\"; ma=2592000,h3-25=\":443\"; ma=2592000,h3-T050=\":443\"; ma=2592000,h3-Q050=\":443\"; ma=2592000,h3-Q046=\":443\"; ma=2592000,h3-Q043=\":443\"; ma=2592000,quic=\":443\"; ma=2592000; v=\"46,43\"","accept-ranges":"none","transfer-encoding":"chunked"}
[debug] [2020-07-04T21:15:59.101Z] ----------------------------------------------------------------------
[debug] [2020-07-04T21:15:59.102Z] Command:       /usr/local/bin/node /usr/local/bin/firebase deploy --only functions
[debug] [2020-07-04T21:15:59.103Z] CLI Version:   8.0.3
[debug] [2020-07-04T21:15:59.103Z] Platform:      darwin
[debug] [2020-07-04T21:15:59.103Z] Node Version:  v10.16.3
[debug] [2020-07-04T21:15:59.103Z] Time:          Sat Jul 04 2020 23:15:59 GMT+0200 (South Africa Standard Time)
[debug] [2020-07-04T21:15:59.104Z] ----------------------------------------------------------------------
[debug] [2020-07-04T21:15:59.104Z] 
[debug] [2020-07-04T21:15:59.112Z] > command requires scopes: ["email","openid","https://www.googleapis.com/auth/cloudplatformprojects.readonly","https://www.googleapis.com/auth/firebase","https://www.googleapis.com/auth/cloud-platform"]
[debug] [2020-07-04T21:15:59.112Z] > authorizing via signed-in user
[debug] [2020-07-04T21:15:59.112Z] [iam] checking project minecraft-63461 for permissions ["cloudfunctions.functions.create","cloudfunctions.functions.delete","cloudfunctions.functions.get","cloudfunctions.functions.list","cloudfunctions.functions.update","cloudfunctions.operations.get","firebase.projects.get"]
[debug] [2020-07-04T21:15:59.115Z] >>> HTTP REQUEST POST https://cloudresourcemanager.googleapis.com/v1/projects/minecraft-63461:testIamPermissions  
 {"permissions":["cloudfunctions.functions.create","cloudfunctions.functions.delete","cloudfunctions.functions.get","cloudfunctions.functions.list","cloudfunctions.functions.update","cloudfunctions.operations.get","firebase.projects.get"]}
[debug] [2020-07-04T21:16:01.204Z] <<< HTTP RESPONSE 200 {"content-type":"application/json; charset=UTF-8","vary":"X-Origin, Referer, Origin,Accept-Encoding","date":"Sat, 04 Jul 2020 21:16:00 GMT","server":"ESF","cache-control":"private","x-xss-protection":"0","x-frame-options":"SAMEORIGIN","x-content-type-options":"nosniff","server-timing":"gfet4t7; dur=1552","alt-svc":"h3-29=\":443\"; ma=2592000,h3-27=\":443\"; ma=2592000,h3-25=\":443\"; ma=2592000,h3-T050=\":443\"; ma=2592000,h3-Q050=\":443\"; ma=2592000,h3-Q046=\":443\"; ma=2592000,h3-Q043=\":443\"; ma=2592000,quic=\":443\"; ma=2592000; v=\"46,43\"","accept-ranges":"none","transfer-encoding":"chunked"}
[debug] [2020-07-04T21:16:01.206Z] >>> HTTP REQUEST POST https://iam.googleapis.com/v1/projects/minecraft-63461/serviceAccounts/minecraft-63461@appspot.gserviceaccount.com:testIamPermissions  
 {"permissions":["iam.serviceAccounts.actAs"]}
[debug] [2020-07-04T21:16:03.328Z] <<< HTTP RESPONSE 200 {"content-type":"application/json; charset=UTF-8","vary":"X-Origin, Referer, Origin,Accept-Encoding","date":"Sat, 04 Jul 2020 21:16:02 GMT","server":"ESF","cache-control":"private","x-xss-protection":"0","x-frame-options":"SAMEORIGIN","x-content-type-options":"nosniff","alt-svc":"h3-29=\":443\"; ma=2592000,h3-27=\":443\"; ma=2592000,h3-25=\":443\"; ma=2592000,h3-T050=\":443\"; ma=2592000,h3-Q050=\":443\"; ma=2592000,h3-Q046=\":443\"; ma=2592000,h3-Q043=\":443\"; ma=2592000,quic=\":443\"; ma=2592000; v=\"46,43\"","accept-ranges":"none","transfer-encoding":"chunked"}
